[2022-09-05 09:10:53]-[INFO]-Start writeValueInFile... - path : {}
[2022-09-05 09:10:53]-[INFO]-Check value for writing... - a content : 2022-09-05 09|86|67|94892|65419|91677

[2022-09-05 09:10:53]-[INFO]-[writeValueInFile]-[Request Time : 2022-09-05 09:10:53]
[2022-09-05 09:10:53]-[INFO]-[writeValueInFile]-[Response Time : 2022-09-05 09:10:53]
[2022-09-05 09:10:53]-[INFO]-[writeValueInFile]-[Duration of Time : 2680000ns]
[2022-09-05 09:11:00]-[INFO]-Start writeValueInFile... - path : {}
[2022-09-05 09:11:00]-[INFO]-Check value for writing... - a content : 2022-09-05 09|56|31|70526|96889|27396

[2022-09-05 09:11:00]-[INFO]-[writeValueInFile]-[Request Time : 2022-09-05 09:11:00]
[2022-09-05 09:11:00]-[INFO]-[writeValueInFile]-[Response Time : 2022-09-05 09:11:00]
[2022-09-05 09:11:00]-[INFO]-[writeValueInFile]-[Duration of Time : 3887000ns]
[2022-09-05 09:21:21]-[INFO]-[getFileListScheduler]-[Request Time : 2022-09-05 09:21:20]
[2022-09-05 09:21:21]-[INFO]-[getFileListScheduler]-[Response Time : 2022-09-05 09:21:21]
[2022-09-05 09:21:21]-[INFO]-[getFileListScheduler]-[Duration of Time : 800202000ns]
[2022-09-05 09:21:24]-[INFO]-Start writeValueInFile... - path : {}
[2022-09-05 09:21:24]-[INFO]-Check value for writing... - a content : 2022-09-05 09|1|83|64636|95904|29161

[2022-09-05 09:21:24]-[INFO]-[writeValueInFile]-[Request Time : 2022-09-05 09:21:24]
[2022-09-05 09:21:24]-[INFO]-[writeValueInFile]-[Response Time : 2022-09-05 09:21:24]
[2022-09-05 09:21:24]-[INFO]-[writeValueInFile]-[Duration of Time : 3389000ns]
[2022-09-05 09:21:57]-[INFO]-[getFileListScheduler]-[Request Time : 2022-09-05 09:21:57]
[2022-09-05 09:21:57]-[INFO]-[getFileListScheduler]-[Response Time : 2022-09-05 09:21:57]
[2022-09-05 09:21:57]-[INFO]-[getFileListScheduler]-[Duration of Time : 17529000ns]
[2022-09-05 09:21:59]-[INFO]-Start writeValueInFile... - path : {}
[2022-09-05 09:22:00]-[INFO]-Check value for writing... - a content : 2022-09-05 09|36|92|82361|82189|3763

[2022-09-05 09:22:00]-[INFO]-[writeValueInFile]-[Request Time : 2022-09-05 09:21:59]
[2022-09-05 09:22:00]-[INFO]-[writeValueInFile]-[Response Time : 2022-09-05 09:22:00]
[2022-09-05 09:22:00]-[INFO]-[writeValueInFile]-[Duration of Time : 1623000ns]
[2022-09-05 09:23:00]-[INFO]-Start writeValueInFile... - path : {}
[2022-09-05 09:23:00]-[INFO]-Check value for writing... - a content : 2022-09-05 09|7|17|5717|54424|55760

[2022-09-05 09:23:00]-[INFO]-[writeValueInFile]-[Request Time : 2022-09-05 09:23:00]
[2022-09-05 09:23:00]-[INFO]-[writeValueInFile]-[Response Time : 2022-09-05 09:23:00]
[2022-09-05 09:23:00]-[INFO]-[writeValueInFile]-[Duration of Time : 3855000ns]
[2022-09-05 09:24:00]-[INFO]-[getFileListScheduler]-[Request Time : 2022-09-05 09:24:00]
[2022-09-05 09:24:00]-[INFO]-[getFileListScheduler]-[Response Time : 2022-09-05 09:24:00]
[2022-09-05 09:24:00]-[INFO]-[getFileListScheduler]-[Duration of Time : 16542000ns]
[2022-09-05 09:24:00]-[INFO]-Start writeValueInFile... - path : {}
[2022-09-05 09:24:00]-[INFO]-Check value for writing... - a content : 2022-09-05 09|91|86|51207|19225|99575

[2022-09-05 09:24:00]-[INFO]-[writeValueInFile]-[Request Time : 2022-09-05 09:24:00]
[2022-09-05 09:24:00]-[INFO]-[writeValueInFile]-[Response Time : 2022-09-05 09:24:00]
[2022-09-05 09:24:00]-[INFO]-[writeValueInFile]-[Duration of Time : 441000ns]
[2022-09-05 09:24:08]-[INFO]-Starting ScheduleApiServerApplication using Java 17.0.4.1 on wonjunhoui-MacBookPro.local with PID 24636 (/Users/wonjunho/Desktop/junho/develop/codingTest/daouTech/scheduleApiServer/out/production/classes started by wonjunho in /Users/wonjunho/Desktop/junho/develop/codingTest/daouTech/scheduleApiServer)
[2022-09-05 09:24:08]-[INFO]-No active profile set, falling back to 1 default profile: "default"
[2022-09-12 14:10:17]-[INFO]-Starting ScheduleApiServerApplicationTests using Java 17.0.4.1 on wonjunhoui-MacBookPro.local with PID 15013 (started by wonjunho in /Users/wonjunho/Desktop/junho/develop/codeforInterviewPrac/scheduleApiServer)
[2022-09-12 14:10:17]-[INFO]-No active profile set, falling back to 1 default profile: "default"
[2022-09-12 14:10:21]-[INFO]-Started ScheduleApiServerApplicationTests in 4.622 seconds (JVM running for 5.791)
[2022-09-12 14:10:21]-[INFO]-Step!
[2022-09-12 14:10:22]-[INFO]-Starting SchedulerTest using Java 17.0.4.1 on wonjunhoui-MacBookPro.local with PID 15013 (started by wonjunho in /Users/wonjunho/Desktop/junho/develop/codeforInterviewPrac/scheduleApiServer)
[2022-09-12 14:10:22]-[INFO]-No active profile set, falling back to 1 default profile: "default"
[2022-09-12 14:10:23]-[INFO]-Started SchedulerTest in 1.221 seconds (JVM running for 7.332)
[2022-09-12 14:11:00]-[INFO]-Start writeValueInFile... - path : {}
[2022-09-12 14:11:00]-[INFO]-Check value for writing... - a content : 2022-09-12 14|30|61|40615|16758|8388

[2022-09-12 14:11:00]-[INFO]-Start writeValueInFile... - path : {}
[2022-09-12 14:11:00]-[INFO]-Check value for writing... - a content : 2022-09-12 14|67|30|8495|33403|14206

[2022-09-12 14:11:00]-[INFO]-[writeValueInFile]-[Request Time : 2022-09-12 14:11:00]
[2022-09-12 14:11:00]-[INFO]-[writeValueInFile]-[Response Time : 2022-09-12 14:11:00]
[2022-09-12 14:11:00]-[INFO]-[writeValueInFile]-[Duration of Time : 7458000ns]
